<?xml version="1.0" encoding="UTF-8" ?>
<testsuite failures="0" time="0.073" errors="0" skipped="0" tests="16" name="com.appsonfire.okey.bot.OkeyHelperTest">
  <properties>
[...]
</properties>
  <testcase time="0.004" classname="com.appsonfire.okey.bot.OkeyHelperTest" name="testSortTiles"/>
  <testcase time="0.001" classname="com.appsonfire.okey.bot.OkeyHelperTest" name="testSortTilesWithJoker"/>
  <testcase time="0" classname="com.appsonfire.okey.bot.OkeyHelperTest" name="testFilterByValue"/>
  <testcase time="0" classname="com.appsonfire.okey.bot.OkeyHelperTest" name="testToTiles"/>
  <testcase time="0.002" classname="com.appsonfire.okey.bot.OkeyHelperTest" name="testFindAllSets"/>
  <testcase time="0.002" classname="com.appsonfire.okey.bot.OkeyHelperTest" name="testSameSets"/>
  <testcase time="0.001" classname="com.appsonfire.okey.bot.OkeyHelperTest" name="testSetsWithOneJoker"/>
  <testcase time="0.002" classname="com.appsonfire.okey.bot.OkeyHelperTest" name="testSetsWithDoubleJokers"/>
  <testcase time="0.001" classname="com.appsonfire.okey.bot.OkeyHelperTest" name="testFindRunsSimple"/>
  <testcase time="0.001" classname="com.appsonfire.okey.bot.OkeyHelperTest" name="testFindRunsWithFalseJoker"/>
  <testcase time="0.002" classname="com.appsonfire.okey.bot.OkeyHelperTest" name="testFindRunsWithJoker"/>
  <testcase time="0" classname="com.appsonfire.okey.bot.OkeyHelperTest" name="testFindRuns_sameRunOccursTwice"/>
  <testcase time="0.001" classname="com.appsonfire.okey.bot.OkeyHelperTest" name="testExplodeRuns"/>
  <testcase time="0.006" classname="com.appsonfire.okey.bot.OkeyHelperTest" name="testPlay"/>
  <testcase time="0.001" classname="com.appsonfire.okey.bot.OkeyHelperTest" name="testPlay_1"/>
  <testcase time="0.001" classname="com.appsonfire.okey.bot.OkeyHelperTest" name="testHand_equalsMethod"/>
</testsuite>